<?xml version="1.0" encoding="UTF-8"?>
<testsuite name="llb.tdd.di.ContainerTest$ComponentConstruction$ConstructorInjection$FieldInjection" tests="8" skipped="0" failures="0" errors="0" timestamp="2022-11-01T22:33:29" hostname="lilubingdeMacBook-Pro.local" time="0.021">
  <properties/>
  <testcase name="should_inject_dependency_via_inject_method()" classname="llb.tdd.di.ContainerTest$ComponentConstruction$ConstructorInjection$FieldInjection" time="0.002"/>
  <testcase name="should_not_call_inject_method_if_override_with_no_inject()" classname="llb.tdd.di.ContainerTest$ComponentConstruction$ConstructorInjection$FieldInjection" time="0.001"/>
  <testcase name="should_inject_dependencies_via_inject_method_from_superclass()" classname="llb.tdd.di.ContainerTest$ComponentConstruction$ConstructorInjection$FieldInjection" time="0.001"/>
  <testcase name="should_inject_dependency_via_superclass_inject_filed()" classname="llb.tdd.di.ContainerTest$ComponentConstruction$ConstructorInjection$FieldInjection" time="0.002"/>
  <testcase name="should_include_filed_dependency_in_dependencies()" classname="llb.tdd.di.ContainerTest$ComponentConstruction$ConstructorInjection$FieldInjection" time="0.003"/>
  <testcase name="should_include_dependencies_from_inject_method()" classname="llb.tdd.di.ContainerTest$ComponentConstruction$ConstructorInjection$FieldInjection" time="0.001"/>
  <testcase name="should_only_call_once_if_subclass_override_inject_method_with_inject()" classname="llb.tdd.di.ContainerTest$ComponentConstruction$ConstructorInjection$FieldInjection" time="0.001"/>
  <testcase name="should_inject_dependency_via_filed()" classname="llb.tdd.di.ContainerTest$ComponentConstruction$ConstructorInjection$FieldInjection" time="0.001"/>
  <system-out><![CDATA[]]></system-out>
  <system-err><![CDATA[]]></system-err>
</testsuite>
