<?xml version="1.0" encoding="UTF-8"?>
<testsuite name="llb.tdd.di.ContainerTest$ComponentConstruction" tests="2" skipped="0" failures="0" errors="0" timestamp="2022-11-01T22:33:29" hostname="lilubingdeMacBook-Pro.local" time="0.029">
  <properties/>
  <testcase name="should_bind_type_to_a_specific_instance()" classname="llb.tdd.di.ContainerTest$ComponentConstruction" time="0.027"/>
  <testcase name="should_return_empty_if_component_not_defined()" classname="llb.tdd.di.ContainerTest$ComponentConstruction" time="0.001"/>
  <system-out><![CDATA[]]></system-out>
  <system-err><![CDATA[]]></system-err>
</testsuite>
