<?xml version="1.0" encoding="UTF-8"?>
<testsuite name="llb.tdd.di.ContainerTest$ComponentConstruction$ConstructorInjection" tests="9" skipped="0" failures="0" errors="0" timestamp="2022-11-01T12:48:38" hostname="lilubingdeMacBook-Pro.local" time="0.036">
  <properties/>
  <testcase name="should_throw_exception_if_transitive_dependency_not_found()" classname="llb.tdd.di.ContainerTest$ComponentConstruction$ConstructorInjection" time="0.011"/>
  <testcase name="should_throw_exception_if_transitive_cyclic_dependency_found()" classname="llb.tdd.di.ContainerTest$ComponentConstruction$ConstructorInjection" time="0.003"/>
  <testcase name="should_throw_exception_if_cyclic_dependency_found()" classname="llb.tdd.di.ContainerTest$ComponentConstruction$ConstructorInjection" time="0.002"/>
  <testcase name="should_bind_type_to_a_class_with_inject_constructor()" classname="llb.tdd.di.ContainerTest$ComponentConstruction$ConstructorInjection" time="0.002"/>
  <testcase name="should_bind_type_to_a_class_with_transitive_dependencies()" classname="llb.tdd.di.ContainerTest$ComponentConstruction$ConstructorInjection" time="0.001"/>
  <testcase name="should_throw_exception_if_dependency_not_found()" classname="llb.tdd.di.ContainerTest$ComponentConstruction$ConstructorInjection" time="0.001"/>
  <testcase name="should_throw_exception_if_multi_inject_constructors_provided()" classname="llb.tdd.di.ContainerTest$ComponentConstruction$ConstructorInjection" time="0.002"/>
  <testcase name="should_throw_exception_if_no_inject_constructors_provided()" classname="llb.tdd.di.ContainerTest$ComponentConstruction$ConstructorInjection" time="0.002"/>
  <testcase name="should_bind_type_to_a_class_with_default_constructor()" classname="llb.tdd.di.ContainerTest$ComponentConstruction$ConstructorInjection" time="0.001"/>
  <system-out><![CDATA[]]></system-out>
  <system-err><![CDATA[]]></system-err>
</testsuite>
